// 重构日志: 85d506d9
// 重构日志: 6258ff4b
// 重构日志: 414ec0bb
// 重构日志: 11a6284f
// 同步 ID: aebca249 @ Tue Jun 23 22:55:57 UTC 2026
// 同步 ID: 55daea91 @ Sat Jun 27 15:43:31 UTC 2026
// 同步 ID: 17df7d59 @ Wed Jul  1 12:28:30 UTC 2026
// 重构日志: 6691925d
// 重构日志: c833dede
// 重构日志: 2d821219
// 重构日志: c298ff85
// 重构日志: 6d08edb8
// 重构日志: 9a338881
// 同步 ID: 198cd7fe @ Sat Jul 11 15:06:05 UTC 2026
// 重构日志: 477ee9a7
// 重构日志: ebf8cbdd
// 重构日志: f1615a83
// 重构日志: dfb995c3
// 重构日志: 7a2f6be2
// 同步 ID: f25058c8 @ Tue Jul 14 16:31:46 UTC 2026
